<?xml version="1.0" encoding="UTF-8"?>
<testsuite name="com.parkinglot.ParkingLotTest" tests="13" skipped="0" failures="0" errors="0" timestamp="2019-10-05T08:06:08" hostname="SUNILs-MacBook-Pro.local" time="0.026">
  <properties/>
  <testcase name="givenParkingLotWithCapacityOne_whenUnParkVehicle_thenShouldReturnVehicle()" classname="com.parkinglot.ParkingLotTest" time="0.009"/>
  <testcase name="givenParkingLot_whenIsAvailable_ThenShouldBeAvailable()" classname="com.parkinglot.ParkingLotTest" time="0.001"/>
  <testcase name="givenParkingLotWithCapacityTwo_WhenUnPark_ThenNotifyToOwner()" classname="com.parkinglot.ParkingLotTest" time="0.001"/>
  <testcase name="givenParkingLotWithCapacity_WhenUnPark_ThenNotifyToSecurityPersonAndOwner()" classname="com.parkinglot.ParkingLotTest" time="0.001"/>
  <testcase name="givenParkingLotWithCapacityTwo_WhenReachToCapacity_ThenNotifyToOwner()" classname="com.parkinglot.ParkingLotTest" time="0.0"/>
  <testcase name="givenParkingLotWithSizeOne_whenCheckIsAvailable_ThenShouldNotBeAvailable()" classname="com.parkinglot.ParkingLotTest" time="0.001"/>
  <testcase name="givenParkingLotWithCapacityTwo_WhenReachToCapacity_ThenNotifyToSecurityPersonAndOwner()" classname="com.parkinglot.ParkingLotTest" time="0.001"/>
  <testcase name="givenParkingLotWithCapacityTwo_WhenUnPark_ThenNotifyToSecurityPerson()" classname="com.parkinglot.ParkingLotTest" time="0.001"/>
  <testcase name="givenParkingLotWithCapacityTwo_whenUnParkNotAvailableVehicle_thenShouldThrowException()" classname="com.parkinglot.ParkingLotTest" time="0.001"/>
  <testcase name="givenParkingLotWithCapacityTwo_whenParkSameTwoVehicles_thenShouldNotBePark()" classname="com.parkinglot.ParkingLotTest" time="0.001"/>
  <testcase name="givenParkingLotWithCapacityTwo_whenUnParkOneVehicle_thenShouldReturnVehicle()" classname="com.parkinglot.ParkingLotTest" time="0.001"/>
  <testcase name="givenParkingLotWithCapacityTwo_whenUnParkThreeVehicle_thenShouldThrowException()" classname="com.parkinglot.ParkingLotTest" time="0.001"/>
  <testcase name="givenParkingLotWithCapacityTwo_WhenReachToCapacity_ThenNotifyToSecurityPerson()" classname="com.parkinglot.ParkingLotTest" time="0.001"/>
  <system-out><![CDATA[]]></system-out>
  <system-err><![CDATA[]]></system-err>
</testsuite>
